<?xml version="1.0" encoding="UTF-8"?>
<!-- Generated by org.testng.reporters.JUnitReportReporter -->
<testsuite hostname="Sharanu-PC" name="com.qa.ClassicCRM.TestCases.LoginPageTest" tests="3" failures="0" timestamp="20 Aug 2019 11:02:15 GMT" time="46.687" errors="0">
  <testcase name="crmlogoImageTest" time="12.520" classname="com.qa.ClassicCRM.TestCases.LoginPageTest"/>
  <testcase name="LoginTest" time="23.185" classname="com.qa.ClassicCRM.TestCases.LoginPageTest"/>
  <testcase name="loginPageTitleTest" time="10.982" classname="com.qa.ClassicCRM.TestCases.LoginPageTest"/>
</testsuite> <!-- com.qa.ClassicCRM.TestCases.LoginPageTest -->
