<?xml version="1.0" encoding="UTF-8"?>
<!-- Generated by org.testng.reporters.JUnitReportReporter -->
<testsuite skipped="0" hostname="Naveenmsk-PC" name="com.qa.ClassicCRM.TestCases.ContactsPageTest" tests="6" failures="0" timestamp="11 Aug 2019 09:29:07 GMT" time="98.470" errors="0">
  <testcase name="selectMultipleContactsTest" time="14.275" classname="com.qa.ClassicCRM.TestCases.ContactsPageTest"/>
  <testcase name="selectsingleContactsTest" time="14.174" classname="com.qa.ClassicCRM.TestCases.ContactsPageTest"/>
  <testcase name="verifyContactspageLable" time="14.087" classname="com.qa.ClassicCRM.TestCases.ContactsPageTest"/>
  <testcase name="ValidateCreateNewContactTest" time="18.194" classname="com.qa.ClassicCRM.TestCases.ContactsPageTest"/>
  <testcase name="ValidateCreateNewContactTest" time="18.932" classname="com.qa.ClassicCRM.TestCases.ContactsPageTest"/>
  <testcase name="ValidateCreateNewContactTest" time="18.808" classname="com.qa.ClassicCRM.TestCases.ContactsPageTest"/>
</testsuite> <!-- com.qa.ClassicCRM.TestCases.ContactsPageTest -->
