<?xml version="1.0" encoding="UTF-8"?>
<!-- Generated by org.testng.reporters.JUnitReportReporter -->
<testsuite skipped="0" hostname="Naveenmsk-PC" name="com.qa.ClassicCRM.TestCases.HomePageTest" tests="3" failures="0" timestamp="11 Aug 2019 09:29:07 GMT" time="37.433" errors="0">
  <testcase name="verifyUsernameTest" time="12.064" classname="com.qa.ClassicCRM.TestCases.HomePageTest"/>
  <testcase name="verifyHomePageTitleTest" time="11.795" classname="com.qa.ClassicCRM.TestCases.HomePageTest"/>
  <testcase name="verifyContactsLinkTest" time="13.574" classname="com.qa.ClassicCRM.TestCases.HomePageTest"/>
</testsuite> <!-- com.qa.ClassicCRM.TestCases.HomePageTest -->
