<?xml version="1.0" encoding="UTF-8"?>
<!-- Generated by org.testng.reporters.JUnitReportReporter -->
<testsuite skipped="0" hostname="Naveenmsk-PC" name="com.qa.ClassicCRM.TestCases.LoginPageTest" tests="3" failures="0" timestamp="11 Aug 2019 09:29:07 GMT" time="30.824" errors="0">
  <testcase name="crmlogoImageTest" time="8.696" classname="com.qa.ClassicCRM.TestCases.LoginPageTest"/>
  <testcase name="loginPageTitleTest" time="8.712" classname="com.qa.ClassicCRM.TestCases.LoginPageTest"/>
  <testcase name="LoginTest" time="13.416" classname="com.qa.ClassicCRM.TestCases.LoginPageTest"/>
</testsuite> <!-- com.qa.ClassicCRM.TestCases.LoginPageTest -->
