<?xml version="1.0" encoding="UTF-8"?>
<!-- Generated by org.testng.reporters.JUnitReportReporter -->
<testsuite skipped="0" hostname="Sharanu-PC" name="com.qa.ClassicCRM.TestCases.LoginPageTest" tests="3" failures="0" timestamp="21 Aug 2019 11:29:55 GMT" time="66.842" errors="0">
  <testcase name="crmlogoImageTest" time="36.681" classname="com.qa.ClassicCRM.TestCases.LoginPageTest"/>
  <testcase name="loginPageTitleTest" time="10.695" classname="com.qa.ClassicCRM.TestCases.LoginPageTest"/>
  <testcase name="LoginTest" time="19.466" classname="com.qa.ClassicCRM.TestCases.LoginPageTest"/>
</testsuite> <!-- com.qa.ClassicCRM.TestCases.LoginPageTest -->
